<?xml version="1.0" encoding="UTF-8"?>
<!-- Generated by org.testng.reporters.JUnitXMLReporter -->
<testsuite ignored="0" hostname="DESKTOP-3LAS9CR" failures="0" tests="6" name="Default test" time="9.956" errors="0" timestamp="18 Jul 2018 21:50:30 GMT">
  <testcase classname="testCases.HybridTestCases" name="ApplicationUnderTest" time="0.261"/>
  <testcase classname="testCases.HybridTestCases" name="ApplicationUnderTest" time="0.156"/>
  <testcase classname="testCases.HybridTestCases" name="ApplicationUnderTest" time="0.128"/>
  <testcase classname="testCases.HybridTestCases" name="ApplicationUnderTest" time="0.096"/>
  <testcase classname="testCases.HybridTestCases" name="ApplicationUnderTest" time="4.003"/>
  <testcase classname="testCases.HybridTestCases" name="ApplicationUnderTest" time="0.284"/>
</testsuite> <!-- Default test -->
