<?xml version="1.0" encoding="UTF-8"?>
<testng-results ignored="0" total="6" passed="6" failed="0" skipped="0">
  <reporter-output>
  </reporter-output>
  <suite started-at="2018-07-18T21:50:20Z" name="Default suite" finished-at="2018-07-18T21:50:30Z" duration-ms="9956">
    <groups>
    </groups>
    <test started-at="2018-07-18T21:50:20Z" name="Default test" finished-at="2018-07-18T21:50:30Z" duration-ms="9956">
      <class name="testCases.HybridTestCases">
        <test-method is-config="true" signature="SetUp()[pri:0, instance:testCases.HybridTestCases@5ab9e72c]" started-at="2018-07-18T21:50:20Z" name="SetUp" finished-at="2018-07-18T21:50:24Z" duration-ms="4077" status="PASS">
          <reporter-output>
          </reporter-output>
        </test-method> <!-- SetUp -->
        <test-method signature="ApplicationUnderTest(java.lang.String, java.lang.String, java.lang.String, java.lang.String, java.lang.String, java.lang.String)[pri:0, instance:testCases.HybridTestCases@5ab9e72c]" started-at="2018-07-18T21:50:25Z" name="ApplicationUnderTest" data-provider="HybridData" finished-at="2018-07-18T21:50:26Z" duration-ms="261" status="PASS">
          <params>
            <param index="0">
              <value>
                <![CDATA[TC001]]>
              </value>
            </param>
            <param index="1">
              <value>
                <![CDATA[Our Web Site SignUp]]>
              </value>
            </param>
            <param index="2">
              <value>
                <![CDATA[GOTOURL]]>
              </value>
            </param>
            <param index="3">
              <value>
                <![CDATA[]]>
              </value>
            </param>
            <param index="4">
              <value>
                <![CDATA[]]>
              </value>
            </param>
            <param index="5">
              <value>
                <![CDATA[WebSite]]>
              </value>
            </param>
          </params>
          <reporter-output>
          </reporter-output>
        </test-method> <!-- ApplicationUnderTest -->
        <test-method signature="ApplicationUnderTest(java.lang.String, java.lang.String, java.lang.String, java.lang.String, java.lang.String, java.lang.String)[pri:0, instance:testCases.HybridTestCases@5ab9e72c]" started-at="2018-07-18T21:50:26Z" name="ApplicationUnderTest" data-provider="HybridData" finished-at="2018-07-18T21:50:26Z" duration-ms="156" status="PASS">
          <params>
            <param index="0">
              <value>
                <![CDATA[]]>
              </value>
            </param>
            <param index="1">
              <value>
                <![CDATA[]]>
              </value>
            </param>
            <param index="2">
              <value>
                <![CDATA[SENDKEYS]]>
              </value>
            </param>
            <param index="3">
              <value>
                <![CDATA[FirstName]]>
              </value>
            </param>
            <param index="4">
              <value>
                <![CDATA[ID]]>
              </value>
            </param>
            <param index="5">
              <value>
                <![CDATA[Parveen]]>
              </value>
            </param>
          </params>
          <reporter-output>
          </reporter-output>
        </test-method> <!-- ApplicationUnderTest -->
        <test-method signature="ApplicationUnderTest(java.lang.String, java.lang.String, java.lang.String, java.lang.String, java.lang.String, java.lang.String)[pri:0, instance:testCases.HybridTestCases@5ab9e72c]" started-at="2018-07-18T21:50:26Z" name="ApplicationUnderTest" data-provider="HybridData" finished-at="2018-07-18T21:50:26Z" duration-ms="128" status="PASS">
          <params>
            <param index="0">
              <value>
                <![CDATA[]]>
              </value>
            </param>
            <param index="1">
              <value>
                <![CDATA[]]>
              </value>
            </param>
            <param index="2">
              <value>
                <![CDATA[SENDKEYS]]>
              </value>
            </param>
            <param index="3">
              <value>
                <![CDATA[LastName]]>
              </value>
            </param>
            <param index="4">
              <value>
                <![CDATA[XPATH]]>
              </value>
            </param>
            <param index="5">
              <value>
                <![CDATA[Sultana]]>
              </value>
            </param>
          </params>
          <reporter-output>
          </reporter-output>
        </test-method> <!-- ApplicationUnderTest -->
        <test-method signature="ApplicationUnderTest(java.lang.String, java.lang.String, java.lang.String, java.lang.String, java.lang.String, java.lang.String)[pri:0, instance:testCases.HybridTestCases@5ab9e72c]" started-at="2018-07-18T21:50:26Z" name="ApplicationUnderTest" data-provider="HybridData" finished-at="2018-07-18T21:50:26Z" duration-ms="96" status="PASS">
          <params>
            <param index="0">
              <value>
                <![CDATA[]]>
              </value>
            </param>
            <param index="1">
              <value>
                <![CDATA[]]>
              </value>
            </param>
            <param index="2">
              <value>
                <![CDATA[CLICK]]>
              </value>
            </param>
            <param index="3">
              <value>
                <![CDATA[Male]]>
              </value>
            </param>
            <param index="4">
              <value>
                <![CDATA[XPATH]]>
              </value>
            </param>
            <param index="5">
              <value>
                <![CDATA[]]>
              </value>
            </param>
          </params>
          <reporter-output>
          </reporter-output>
        </test-method> <!-- ApplicationUnderTest -->
        <test-method signature="ApplicationUnderTest(java.lang.String, java.lang.String, java.lang.String, java.lang.String, java.lang.String, java.lang.String)[pri:0, instance:testCases.HybridTestCases@5ab9e72c]" started-at="2018-07-18T21:50:26Z" name="ApplicationUnderTest" data-provider="HybridData" finished-at="2018-07-18T21:50:30Z" duration-ms="4003" status="PASS">
          <params>
            <param index="0">
              <value>
                <![CDATA[]]>
              </value>
            </param>
            <param index="1">
              <value>
                <![CDATA[]]>
              </value>
            </param>
            <param index="2">
              <value>
                <![CDATA[THREAD]]>
              </value>
            </param>
            <param index="3">
              <value>
                <![CDATA[]]>
              </value>
            </param>
            <param index="4">
              <value>
                <![CDATA[]]>
              </value>
            </param>
            <param index="5">
              <value>
                <![CDATA[]]>
              </value>
            </param>
          </params>
          <reporter-output>
          </reporter-output>
        </test-method> <!-- ApplicationUnderTest -->
        <test-method signature="ApplicationUnderTest(java.lang.String, java.lang.String, java.lang.String, java.lang.String, java.lang.String, java.lang.String)[pri:0, instance:testCases.HybridTestCases@5ab9e72c]" started-at="2018-07-18T21:50:30Z" name="ApplicationUnderTest" data-provider="HybridData" finished-at="2018-07-18T21:50:30Z" duration-ms="284" status="PASS">
          <params>
            <param index="0">
              <value>
                <![CDATA[]]>
              </value>
            </param>
            <param index="1">
              <value>
                <![CDATA[]]>
              </value>
            </param>
            <param index="2">
              <value>
                <![CDATA[CLOSE]]>
              </value>
            </param>
            <param index="3">
              <value>
                <![CDATA[]]>
              </value>
            </param>
            <param index="4">
              <value>
                <![CDATA[]]>
              </value>
            </param>
            <param index="5">
              <value>
                <![CDATA[]]>
              </value>
            </param>
          </params>
          <reporter-output>
          </reporter-output>
        </test-method> <!-- ApplicationUnderTest -->
      </class> <!-- testCases.HybridTestCases -->
    </test> <!-- Default test -->
  </suite> <!-- Default suite -->
</testng-results>
