<?xml version="1.0" encoding="UTF-8"?>
<testng-results ignored="0" total="10" passed="9" failed="1" skipped="0">
  <reporter-output>
  </reporter-output>
  <suite started-at="2018-07-23T21:51:33Z" name="Default suite" finished-at="2018-07-23T21:51:44Z" duration-ms="10524">
    <groups>
    </groups>
    <test started-at="2018-07-23T21:51:33Z" name="Default test" finished-at="2018-07-23T21:51:44Z" duration-ms="10524">
      <class name="testCases.HybridTestCases">
        <test-method is-config="true" signature="SetUp()[pri:0, instance:testCases.HybridTestCases@3cc1435c]" started-at="2018-07-23T21:51:33Z" name="SetUp" finished-at="2018-07-23T21:51:37Z" duration-ms="3925" status="PASS">
          <reporter-output>
          </reporter-output>
        </test-method> <!-- SetUp -->
        <test-method signature="ApplicationUnderTest(java.lang.String, java.lang.String, java.lang.String, java.lang.String, java.lang.String, java.lang.String)[pri:0, instance:testCases.HybridTestCases@3cc1435c]" started-at="2018-07-23T21:51:38Z" name="ApplicationUnderTest" data-provider="HybridData" finished-at="2018-07-23T21:51:38Z" duration-ms="385" status="PASS">
          <params>
            <param index="0">
              <value>
                <![CDATA[TC001]]>
              </value>
            </param>
            <param index="1">
              <value>
                <![CDATA[Our Web Site SignUp]]>
              </value>
            </param>
            <param index="2">
              <value>
                <![CDATA[GOTOURL]]>
              </value>
            </param>
            <param index="3">
              <value>
                <![CDATA[]]>
              </value>
            </param>
            <param index="4">
              <value>
                <![CDATA[]]>
              </value>
            </param>
            <param index="5">
              <value>
                <![CDATA[WebSite]]>
              </value>
            </param>
          </params>
          <reporter-output>
          </reporter-output>
        </test-method> <!-- ApplicationUnderTest -->
        <test-method signature="ApplicationUnderTest(java.lang.String, java.lang.String, java.lang.String, java.lang.String, java.lang.String, java.lang.String)[pri:0, instance:testCases.HybridTestCases@3cc1435c]" started-at="2018-07-23T21:51:38Z" name="ApplicationUnderTest" data-provider="HybridData" finished-at="2018-07-23T21:51:38Z" duration-ms="162" status="PASS">
          <params>
            <param index="0">
              <value>
                <![CDATA[]]>
              </value>
            </param>
            <param index="1">
              <value>
                <![CDATA[]]>
              </value>
            </param>
            <param index="2">
              <value>
                <![CDATA[SENDKEYS]]>
              </value>
            </param>
            <param index="3">
              <value>
                <![CDATA[FirstName]]>
              </value>
            </param>
            <param index="4">
              <value>
                <![CDATA[ID]]>
              </value>
            </param>
            <param index="5">
              <value>
                <![CDATA[Parveen]]>
              </value>
            </param>
          </params>
          <reporter-output>
          </reporter-output>
        </test-method> <!-- ApplicationUnderTest -->
        <test-method signature="ApplicationUnderTest(java.lang.String, java.lang.String, java.lang.String, java.lang.String, java.lang.String, java.lang.String)[pri:0, instance:testCases.HybridTestCases@3cc1435c]" started-at="2018-07-23T21:51:38Z" name="ApplicationUnderTest" data-provider="HybridData" finished-at="2018-07-23T21:51:38Z" duration-ms="30" status="FAIL">
          <params>
            <param index="0">
              <value>
                <![CDATA[]]>
              </value>
            </param>
            <param index="1">
              <value>
                <![CDATA[]]>
              </value>
            </param>
            <param index="2">
              <value>
                <![CDATA[GETTYPEDTEXT]]>
              </value>
            </param>
            <param index="3">
              <value>
                <![CDATA[FirstName]]>
              </value>
            </param>
            <param index="4">
              <value>
                <![CDATA[ID]]>
              </value>
            </param>
            <param index="5">
              <value>
                <![CDATA[]]>
              </value>
            </param>
          </params>
          <exception class="java.lang.NullPointerException">
            <message>
              <![CDATA[null value in entry: url=null]]>
            </message>
            <full-stacktrace>
              <![CDATA[java.lang.NullPointerException: null value in entry: url=null
at com.google.common.collect.CollectPreconditions.checkEntryNotNull(CollectPreconditions.java:32)
at com.google.common.collect.SingletonImmutableBiMap.<init>(SingletonImmutableBiMap.java:42)
at com.google.common.collect.ImmutableBiMap.of(ImmutableBiMap.java:70)
at com.google.common.collect.ImmutableMap.of(ImmutableMap.java:123)
at org.openqa.selenium.remote.RemoteWebDriver.get(RemoteWebDriver.java:271)
at operations.UIOperation.KeyWordPerform(UIOperation.java:42)
at testCases.HybridTestCases.ApplicationUnderTest(HybridTestCases.java:26)
at java.base/jdk.internal.reflect.NativeMethodAccessorImpl.invoke0(Native Method)
at java.base/jdk.internal.reflect.NativeMethodAccessorImpl.invoke(NativeMethodAccessorImpl.java:62)
at java.base/jdk.internal.reflect.DelegatingMethodAccessorImpl.invoke(DelegatingMethodAccessorImpl.java:43)
at java.base/java.lang.reflect.Method.invoke(Method.java:564)
at org.testng.internal.MethodInvocationHelper.invokeMethod(MethodInvocationHelper.java:124)
at org.testng.internal.Invoker.invokeMethod(Invoker.java:580)
at org.testng.internal.Invoker.invokeTestMethod(Invoker.java:716)
at org.testng.internal.Invoker.invokeTestMethods(Invoker.java:988)
at org.testng.internal.TestMethodWorker.invokeTestMethods(TestMethodWorker.java:125)
at org.testng.internal.TestMethodWorker.run(TestMethodWorker.java:109)
at org.testng.TestRunner.privateRun(TestRunner.java:648)
at org.testng.TestRunner.run(TestRunner.java:505)
at org.testng.SuiteRunner.runTest(SuiteRunner.java:455)
at org.testng.SuiteRunner.runSequentially(SuiteRunner.java:450)
at org.testng.SuiteRunner.privateRun(SuiteRunner.java:415)
at org.testng.SuiteRunner.run(SuiteRunner.java:364)
at org.testng.SuiteRunnerWorker.runSuite(SuiteRunnerWorker.java:52)
at org.testng.SuiteRunnerWorker.run(SuiteRunnerWorker.java:84)
at org.testng.TestNG.runSuitesSequentially(TestNG.java:1208)
at org.testng.TestNG.runSuitesLocally(TestNG.java:1137)
at org.testng.TestNG.runSuites(TestNG.java:1049)
at org.testng.TestNG.run(TestNG.java:1017)
at org.testng.remote.AbstractRemoteTestNG.run(AbstractRemoteTestNG.java:114)
at org.testng.remote.RemoteTestNG.initAndRun(RemoteTestNG.java:251)
at org.testng.remote.RemoteTestNG.main(RemoteTestNG.java:77)
]]>
            </full-stacktrace>
          </exception> <!-- java.lang.NullPointerException -->
          <reporter-output>
          </reporter-output>
        </test-method> <!-- ApplicationUnderTest -->
        <test-method signature="ApplicationUnderTest(java.lang.String, java.lang.String, java.lang.String, java.lang.String, java.lang.String, java.lang.String)[pri:0, instance:testCases.HybridTestCases@3cc1435c]" started-at="2018-07-23T21:51:39Z" name="ApplicationUnderTest" data-provider="HybridData" finished-at="2018-07-23T21:51:39Z" duration-ms="127" status="PASS">
          <params>
            <param index="0">
              <value>
                <![CDATA[]]>
              </value>
            </param>
            <param index="1">
              <value>
                <![CDATA[]]>
              </value>
            </param>
            <param index="2">
              <value>
                <![CDATA[SENDKEYS]]>
              </value>
            </param>
            <param index="3">
              <value>
                <![CDATA[LastName]]>
              </value>
            </param>
            <param index="4">
              <value>
                <![CDATA[XPATH]]>
              </value>
            </param>
            <param index="5">
              <value>
                <![CDATA[Sultana]]>
              </value>
            </param>
          </params>
          <reporter-output>
          </reporter-output>
        </test-method> <!-- ApplicationUnderTest -->
        <test-method signature="ApplicationUnderTest(java.lang.String, java.lang.String, java.lang.String, java.lang.String, java.lang.String, java.lang.String)[pri:0, instance:testCases.HybridTestCases@3cc1435c]" started-at="2018-07-23T21:51:39Z" name="ApplicationUnderTest" data-provider="HybridData" finished-at="2018-07-23T21:51:39Z" duration-ms="138" status="PASS">
          <params>
            <param index="0">
              <value>
                <![CDATA[]]>
              </value>
            </param>
            <param index="1">
              <value>
                <![CDATA[]]>
              </value>
            </param>
            <param index="2">
              <value>
                <![CDATA[SENDKEYS]]>
              </value>
            </param>
            <param index="3">
              <value>
                <![CDATA[Email]]>
              </value>
            </param>
            <param index="4">
              <value>
                <![CDATA[XPATH]]>
              </value>
            </param>
            <param index="5">
              <value>
                <![CDATA[sultana@yahoo.com]]>
              </value>
            </param>
          </params>
          <reporter-output>
          </reporter-output>
        </test-method> <!-- ApplicationUnderTest -->
        <test-method signature="ApplicationUnderTest(java.lang.String, java.lang.String, java.lang.String, java.lang.String, java.lang.String, java.lang.String)[pri:0, instance:testCases.HybridTestCases@3cc1435c]" started-at="2018-07-23T21:51:39Z" name="ApplicationUnderTest" data-provider="HybridData" finished-at="2018-07-23T21:51:39Z" duration-ms="123" status="PASS">
          <params>
            <param index="0">
              <value>
                <![CDATA[]]>
              </value>
            </param>
            <param index="1">
              <value>
                <![CDATA[]]>
              </value>
            </param>
            <param index="2">
              <value>
                <![CDATA[SENDKEYS]]>
              </value>
            </param>
            <param index="3">
              <value>
                <![CDATA[Aemail]]>
              </value>
            </param>
            <param index="4">
              <value>
                <![CDATA[NAME]]>
              </value>
            </param>
            <param index="5">
              <value>
                <![CDATA[sultana@yahoo.com]]>
              </value>
            </param>
          </params>
          <reporter-output>
          </reporter-output>
        </test-method> <!-- ApplicationUnderTest -->
        <test-method signature="ApplicationUnderTest(java.lang.String, java.lang.String, java.lang.String, java.lang.String, java.lang.String, java.lang.String)[pri:0, instance:testCases.HybridTestCases@3cc1435c]" started-at="2018-07-23T21:51:39Z" name="ApplicationUnderTest" data-provider="HybridData" finished-at="2018-07-23T21:51:39Z" duration-ms="71" status="PASS">
          <params>
            <param index="0">
              <value>
                <![CDATA[]]>
              </value>
            </param>
            <param index="1">
              <value>
                <![CDATA[]]>
              </value>
            </param>
            <param index="2">
              <value>
                <![CDATA[CLICK]]>
              </value>
            </param>
            <param index="3">
              <value>
                <![CDATA[Male]]>
              </value>
            </param>
            <param index="4">
              <value>
                <![CDATA[XPATH]]>
              </value>
            </param>
            <param index="5">
              <value>
                <![CDATA[]]>
              </value>
            </param>
          </params>
          <reporter-output>
          </reporter-output>
        </test-method> <!-- ApplicationUnderTest -->
        <test-method signature="ApplicationUnderTest(java.lang.String, java.lang.String, java.lang.String, java.lang.String, java.lang.String, java.lang.String)[pri:0, instance:testCases.HybridTestCases@3cc1435c]" started-at="2018-07-23T21:51:39Z" name="ApplicationUnderTest" data-provider="HybridData" finished-at="2018-07-23T21:51:43Z" duration-ms="4006" status="PASS">
          <params>
            <param index="0">
              <value>
                <![CDATA[]]>
              </value>
            </param>
            <param index="1">
              <value>
                <![CDATA[]]>
              </value>
            </param>
            <param index="2">
              <value>
                <![CDATA[THREAD]]>
              </value>
            </param>
            <param index="3">
              <value>
                <![CDATA[]]>
              </value>
            </param>
            <param index="4">
              <value>
                <![CDATA[]]>
              </value>
            </param>
            <param index="5">
              <value>
                <![CDATA[]]>
              </value>
            </param>
          </params>
          <reporter-output>
          </reporter-output>
        </test-method> <!-- ApplicationUnderTest -->
        <test-method signature="ApplicationUnderTest(java.lang.String, java.lang.String, java.lang.String, java.lang.String, java.lang.String, java.lang.String)[pri:0, instance:testCases.HybridTestCases@3cc1435c]" started-at="2018-07-23T21:51:43Z" name="ApplicationUnderTest" data-provider="HybridData" finished-at="2018-07-23T21:51:43Z" duration-ms="259" status="PASS">
          <params>
            <param index="0">
              <value>
                <![CDATA[]]>
              </value>
            </param>
            <param index="1">
              <value>
                <![CDATA[]]>
              </value>
            </param>
            <param index="2">
              <value>
                <![CDATA[SCREENSHOT]]>
              </value>
            </param>
            <param index="3">
              <value>
                <![CDATA[]]>
              </value>
            </param>
            <param index="4">
              <value>
                <![CDATA[]]>
              </value>
            </param>
            <param index="5">
              <value>
                <![CDATA[]]>
              </value>
            </param>
          </params>
          <reporter-output>
          </reporter-output>
        </test-method> <!-- ApplicationUnderTest -->
        <test-method signature="ApplicationUnderTest(java.lang.String, java.lang.String, java.lang.String, java.lang.String, java.lang.String, java.lang.String)[pri:0, instance:testCases.HybridTestCases@3cc1435c]" started-at="2018-07-23T21:51:43Z" name="ApplicationUnderTest" data-provider="HybridData" finished-at="2018-07-23T21:51:44Z" duration-ms="391" status="PASS">
          <params>
            <param index="0">
              <value>
                <![CDATA[]]>
              </value>
            </param>
            <param index="1">
              <value>
                <![CDATA[]]>
              </value>
            </param>
            <param index="2">
              <value>
                <![CDATA[CLOSE]]>
              </value>
            </param>
            <param index="3">
              <value>
                <![CDATA[]]>
              </value>
            </param>
            <param index="4">
              <value>
                <![CDATA[]]>
              </value>
            </param>
            <param index="5">
              <value>
                <![CDATA[]]>
              </value>
            </param>
          </params>
          <reporter-output>
          </reporter-output>
        </test-method> <!-- ApplicationUnderTest -->
      </class> <!-- testCases.HybridTestCases -->
    </test> <!-- Default test -->
  </suite> <!-- Default suite -->
</testng-results>
